<?xml version="1.0" encoding="UTF-8"?>
<testng-results ignored="0" total="1" passed="1" failed="0" skipped="0">
  <reporter-output>
  </reporter-output>
  <suite started-at="2025-07-17T14:24:44 IST" name="Suite" finished-at="2025-07-17T14:25:51 IST" duration-ms="66606">
    <groups>
      <group name="cucumber">
        <method signature="AbstractTestNGCucumberTests.runScenario(io.cucumber.testng.PickleWrapper,io.cucumber.testng.FeatureWrapper)[pri:0, instance:testRunner.TestRun@70e38ce1]" name="runScenario" class="io.cucumber.testng.AbstractTestNGCucumberTests"/>
      </group> <!-- cucumber -->
    </groups>
    <test started-at="2025-07-17T14:24:44 IST" name="Edge" finished-at="2025-07-17T14:25:51 IST" duration-ms="66606">
      <class name="testRunner.TestRun">
        <test-method is-config="true" signature="cleanReports()[pri:0, instance:testRunner.TestRun@70e38ce1]" started-at="2025-07-17T14:24:44 IST" name="cleanReports" finished-at="2025-07-17T14:24:44 IST" duration-ms="46" status="PASS">
          <reporter-output>
          </reporter-output>
        </test-method> <!-- cleanReports -->
        <test-method is-config="true" signature="setUpClass(org.testng.ITestContext)[pri:0, instance:testRunner.TestRun@70e38ce1]" started-at="2025-07-17T14:24:44 IST" name="setUpClass" finished-at="2025-07-17T14:25:09 IST" duration-ms="24402" status="PASS">
          <params>
            <param index="0">
              <value>
                <![CDATA[org.testng.TestRunner@23ad71bf]]>
              </value>
            </param>
          </params>
          <reporter-output>
          </reporter-output>
        </test-method> <!-- setUpClass -->
        <test-method signature="runScenario(io.cucumber.testng.PickleWrapper,io.cucumber.testng.FeatureWrapper)[pri:0, instance:testRunner.TestRun@70e38ce1]" started-at="2025-07-17T14:25:09 IST" name="runScenario" description="Runs Cucumber Scenarios" data-provider="scenarios" finished-at="2025-07-17T14:25:45 IST" duration-ms="36323" status="PASS">
          <params>
            <param index="0">
              <value>
                <![CDATA["Fetching the hotels available for filterd options"]]>
              </value>
            </param>
            <param index="1">
              <value>
                <![CDATA["Searching for Hotel details on EaseMyTrip"]]>
              </value>
            </param>
          </params>
          <reporter-output>
          </reporter-output>
        </test-method> <!-- runScenario -->
        <test-method is-config="true" signature="tearDownClass()[pri:0, instance:testRunner.TestRun@70e38ce1]" started-at="2025-07-17T14:25:45 IST" name="tearDownClass" finished-at="2025-07-17T14:25:51 IST" duration-ms="5814" status="PASS">
          <reporter-output>
          </reporter-output>
        </test-method> <!-- tearDownClass -->
        <test-method is-config="true" signature="afterSuite()[pri:0, instance:testRunner.TestRun@70e38ce1]" started-at="2025-07-17T14:25:51 IST" name="afterSuite" finished-at="2025-07-17T14:25:51 IST" duration-ms="12" status="PASS">
          <reporter-output>
          </reporter-output>
        </test-method> <!-- afterSuite -->
      </class> <!-- testRunner.TestRun -->
    </test> <!-- Edge -->
  </suite> <!-- Suite -->
</testng-results>
